<?xml version="1.0" encoding="UTF-8"?>
<testsuite xmlns:xsi="http://www.w3.org/2001/XMLSchema-instance" xsi:noNamespaceSchemaLocation="https://maven.apache.org/surefire/maven-surefire-plugin/xsd/surefire-test-report.xsd" name="day59.MethodReturnTypesTest" time="0.076" tests="3" errors="0" skipped="0" failures="0">
  <properties>
[...]
</properties>
  <testcase name="testReturnBoolean" classname="day59.MethodReturnTypesTest" time="0.061"/>
  <testcase name="testReturnNum" classname="day59.MethodReturnTypesTest" time="0.001"/>
  <testcase name="testReturnStr" classname="day59.MethodReturnTypesTest" time="0"/>
</testsuite>