# JRE version: Java(TM) SE Runtime Environment 18.9 (11.0.15+8) (build 11.0.15+8-LTS-149)
# Java VM: Java HotSpot(TM) 64-Bit Server VM 18.9 (11.0.15+8-LTS-149, mixed mode, tiered, compressed oops, g1 gc, windows-amd64)
Heap:
 garbage-first heap   total 126976K, used 60874K [0x0000000085200000, 0x0000000100000000)
  region size 1024K, 58 young (59392K), 5 survivors (5120K)
 Metaspace       used 29137K, capacity 29735K, committed 30000K, reserved 1075200K
  class space    used 3195K, capacity 3393K, committed 3456K, reserved 1048576K
GC Heap History (8 events):
Event: 0.889 GC heap before
{Heap before GC invocations=0 (full 0):
 garbage-first heap   total 126976K, used 14336K [0x0000000085200000, 0x0000000100000000)
  region size 1024K, 14 young (14336K), 0 survivors (0K)
 Metaspace       used 10929K, capacity 11112K, committed 11136K, reserved 1058816K
  class space    used 1062K, capacity 1152K, committed 1152K, reserved 1048576K
}
Event: 0.896 GC heap after
{Heap after GC invocations=1 (full 0):
 garbage-first heap   total 126976K, used 3157K [0x0000000085200000, 0x0000000100000000)
  region size 1024K, 2 young (2048K), 2 survivors (2048K)
 Metaspace       used 10929K, capacity 11112K, committed 11136K, reserved 1058816K
  class space    used 1062K, capacity 1152K, committed 1152K, reserved 1048576K
}
Event: 1.094 GC heap before
{Heap before GC invocations=1 (full 0):
 garbage-first heap   total 126976K, used 13397K [0x0000000085200000, 0x0000000100000000)
  region size 1024K, 12 young (12288K), 2 survivors (2048K)
 Metaspace       used 12343K, capacity 12532K, committed 12672K, reserved 1060864K
  class space    used 1255K, capacity 1348K, committed 1408K, reserved 1048576K
}
Event: 1.100 GC heap after
{Heap after GC invocations=2 (full 0):
 garbage-first heap   total 126976K, used 3637K [0x0000000085200000, 0x0000000100000000)
  region size 1024K, 1 young (1024K), 1 survivors (1024K)
 Metaspace       used 12343K, capacity 12532K, committed 12672K, reserved 1060864K
  class space    used 1255K, capacity 1348K, committed 1408K, reserved 1048576K
}
Event: 1.755 GC heap before
{Heap before GC invocations=2 (full 0):
 garbage-first heap   total 126976K, used 32309K [0x0000000085200000, 0x0000000100000000)
  region size 1024K, 29 young (29696K), 1 survivors (1024K)
 Metaspace       used 16458K, capacity 16688K, committed 16768K, reserved 1064960K
  class space    used 1779K, capacity 1875K, committed 1920K, reserved 1048576K
}
Event: 1.761 GC heap after
{Heap after GC invocations=3 (full 0):
 garbage-first heap   total 126976K, used 5060K [0x0000000085200000, 0x0000000100000000)
  region size 1024K, 2 young (2048K), 2 survivors (2048K)
 Metaspace       used 16458K, capacity 16688K, committed 16768K, reserved 1064960K
  class space    used 1779K, capacity 1875K, committed 1920K, reserved 1048576K
}
Event: 3.322 GC heap before
{Heap before GC invocations=3 (full 0):
 garbage-first heap   total 126976K, used 43972K [0x0000000085200000, 0x0000000100000000)
  region size 1024K, 41 young (41984K), 2 survivors (2048K)
 Metaspace       used 20798K, capacity 21172K, committed 21296K, reserved 1069056K
  class space    used 2227K, capacity 2355K, committed 2432K, reserved 1048576K
}
Event: 3.335 GC heap after
{Heap after GC invocations=4 (full 0):
 garbage-first heap   total 126976K, used 7626K [0x0000000085200000, 0x0000000100000000)
  region size 1024K, 5 young (5120K), 5 survivors (5120K)
 Metaspace       used 20798K, capacity 21172K, committed 21296K, reserved 1069056K
  class space    used 2227K, capacity 2355K, committed 2432K, reserved 1048576K
}

